<?xml version="1.0" encoding="UTF-8"?>
<testsuite xmlns:xsi="http://www.w3.org/2001/XMLSchema-instance" xsi:noNamespaceSchemaLocation="https://maven.apache.org/surefire/maven-surefire-plugin/xsd/surefire-test-report-3.0.xsd" version="3.0" name="com.xzydominic.xzymq.XzymqApplicationTests" time="2.58" tests="1" errors="0" skipped="0" failures="0">
  <properties>
    <property name="java.specification.version" value="18"/>
    <property name="sun.jnu.encoding" value="UTF-8"/>
    <property name="java.class.path" value="/Users/xuzeyao/Documents/zygwzx/xzymq/target/test-classes:/Users/xuzeyao/Documents/zygwzx/xzymq/target/classes:/Users/xuzeyao/Documents/maven/repository/org/springframework/boot/spring-boot-starter-amqp/3.1.4/spring-boot-starter-amqp-3.1.4.jar:/Users/xuzeyao/Documents/maven/repository/org/springframework/boot/spring-boot-starter/3.1.4/spring-boot-starter-3.1.4.jar:/Users/xuzeyao/Documents/maven/repository/org/springframework/boot/spring-boot-starter-logging/3.1.4/spring-boot-starter-logging-3.1.4.jar:/Users/xuzeyao/Documents/maven/repository/ch/qos/logback/logback-classic/1.4.11/logback-classic-1.4.11.jar:/Users/xuzeyao/Documents/maven/repository/ch/qos/logback/logback-core/1.4.11/logback-core-1.4.11.jar:/Users/xuzeyao/Documents/maven/repository/org/apache/logging/log4j/log4j-to-slf4j/2.20.0/log4j-to-slf4j-2.20.0.jar:/Users/xuzeyao/Documents/maven/repository/org/apache/logging/log4j/log4j-api/2.20.0/log4j-api-2.20.0.jar:/Users/xuzeyao/Documents/maven/repository/org/slf4j/jul-to-slf4j/2.0.9/jul-to-slf4j-2.0.9.jar:/Users/xuzeyao/Documents/maven/repository/jakarta/annotation/jakarta.annotation-api/2.1.1/jakarta.annotation-api-2.1.1.jar:/Users/xuzeyao/Documents/maven/repository/org/yaml/snakeyaml/1.33/snakeyaml-1.33.jar:/Users/xuzeyao/Documents/maven/repository/org/springframework/spring-messaging/6.0.12/spring-messaging-6.0.12.jar:/Users/xuzeyao/Documents/maven/repository/org/springframework/amqp/spring-rabbit/3.0.9/spring-rabbit-3.0.9.jar:/Users/xuzeyao/Documents/maven/repository/org/springframework/amqp/spring-amqp/3.0.9/spring-amqp-3.0.9.jar:/Users/xuzeyao/Documents/maven/repository/org/springframework/retry/spring-retry/2.0.3/spring-retry-2.0.3.jar:/Users/xuzeyao/Documents/maven/repository/org/springframework/spring-tx/6.0.12/spring-tx-6.0.12.jar:/Users/xuzeyao/Documents/maven/repository/io/micrometer/micrometer-observation/1.11.4/micrometer-observation-1.11.4.jar:/Users/xuzeyao/Documents/maven/repository/io/micrometer/micrometer-commons/1.11.4/micrometer-commons-1.11.4.jar:/Users/xuzeyao/Documents/maven/repository/org/springframework/boot/spring-boot-starter-data-redis/3.1.4/spring-boot-starter-data-redis-3.1.4.jar:/Users/xuzeyao/Documents/maven/repository/org/springframework/data/spring-data-redis/3.1.4/spring-data-redis-3.1.4.jar:/Users/xuzeyao/Documents/maven/repository/org/springframework/data/spring-data-keyvalue/3.1.4/spring-data-keyvalue-3.1.4.jar:/Users/xuzeyao/Documents/maven/repository/org/springframework/data/spring-data-commons/3.1.4/spring-data-commons-3.1.4.jar:/Users/xuzeyao/Documents/maven/repository/org/springframework/spring-oxm/6.0.12/spring-oxm-6.0.12.jar:/Users/xuzeyao/Documents/maven/repository/org/springframework/spring-context-support/6.0.12/spring-context-support-6.0.12.jar:/Users/xuzeyao/Documents/maven/repository/io/lettuce/lettuce-core/6.2.6.RELEASE/lettuce-core-6.2.6.RELEASE.jar:/Users/xuzeyao/Documents/maven/repository/io/netty/netty-common/4.1.97.Final/netty-common-4.1.97.Final.jar:/Users/xuzeyao/Documents/maven/repository/io/netty/netty-handler/4.1.97.Final/netty-handler-4.1.97.Final.jar:/Users/xuzeyao/Documents/maven/repository/io/netty/netty-resolver/4.1.97.Final/netty-resolver-4.1.97.Final.jar:/Users/xuzeyao/Documents/maven/repository/io/netty/netty-buffer/4.1.97.Final/netty-buffer-4.1.97.Final.jar:/Users/xuzeyao/Documents/maven/repository/io/netty/netty-transport-native-unix-common/4.1.97.Final/netty-transport-native-unix-common-4.1.97.Final.jar:/Users/xuzeyao/Documents/maven/repository/io/netty/netty-codec/4.1.97.Final/netty-codec-4.1.97.Final.jar:/Users/xuzeyao/Documents/maven/repository/io/netty/netty-transport/4.1.97.Final/netty-transport-4.1.97.Final.jar:/Users/xuzeyao/Documents/maven/repository/io/projectreactor/reactor-core/3.5.10/reactor-core-3.5.10.jar:/Users/xuzeyao/Documents/maven/repository/org/reactivestreams/reactive-streams/1.0.4/reactive-streams-1.0.4.jar:/Users/xuzeyao/Documents/maven/repository/org/springframework/boot/spring-boot-starter-jdbc/3.1.4/spring-boot-starter-jdbc-3.1.4.jar:/Users/xuzeyao/Documents/maven/repository/com/zaxxer/HikariCP/5.0.1/HikariCP-5.0.1.jar:/Users/xuzeyao/Documents/maven/repository/org/springframework/spring-jdbc/6.0.12/spring-jdbc-6.0.12.jar:/Users/xuzeyao/Documents/maven/repository/org/springframework/boot/spring-boot-starter-security/3.1.4/spring-boot-starter-security-3.1.4.jar:/Users/xuzeyao/Documents/maven/repository/org/springframework/spring-aop/6.0.12/spring-aop-6.0.12.jar:/Users/xuzeyao/Documents/maven/repository/org/springframework/security/spring-security-config/6.1.4/spring-security-config-6.1.4.jar:/Users/xuzeyao/Documents/maven/repository/org/springframework/security/spring-security-web/6.1.4/spring-security-web-6.1.4.jar:/Users/xuzeyao/Documents/maven/repository/org/springframework/boot/spring-boot-starter-web/3.1.4/spring-boot-starter-web-3.1.4.jar:/Users/xuzeyao/Documents/maven/repository/org/springframework/boot/spring-boot-starter-json/3.1.4/spring-boot-starter-json-3.1.4.jar:/Users/xuzeyao/Documents/maven/repository/com/fasterxml/jackson/core/jackson-databind/2.15.2/jackson-databind-2.15.2.jar:/Users/xuzeyao/Documents/maven/repository/com/fasterxml/jackson/core/jackson-annotations/2.15.2/jackson-annotations-2.15.2.jar:/Users/xuzeyao/Documents/maven/repository/com/fasterxml/jackson/core/jackson-core/2.15.2/jackson-core-2.15.2.jar:/Users/xuzeyao/Documents/maven/repository/com/fasterxml/jackson/datatype/jackson-datatype-jdk8/2.15.2/jackson-datatype-jdk8-2.15.2.jar:/Users/xuzeyao/Documents/maven/repository/com/fasterxml/jackson/datatype/jackson-datatype-jsr310/2.15.2/jackson-datatype-jsr310-2.15.2.jar:/Users/xuzeyao/Documents/maven/repository/com/fasterxml/jackson/module/jackson-module-parameter-names/2.15.2/jackson-module-parameter-names-2.15.2.jar:/Users/xuzeyao/Documents/maven/repository/org/springframework/boot/spring-boot-starter-tomcat/3.1.4/spring-boot-starter-tomcat-3.1.4.jar:/Users/xuzeyao/Documents/maven/repository/org/apache/tomcat/embed/tomcat-embed-core/10.1.13/tomcat-embed-core-10.1.13.jar:/Users/xuzeyao/Documents/maven/repository/org/apache/tomcat/embed/tomcat-embed-el/10.1.13/tomcat-embed-el-10.1.13.jar:/Users/xuzeyao/Documents/maven/repository/org/apache/tomcat/embed/tomcat-embed-websocket/10.1.13/tomcat-embed-websocket-10.1.13.jar:/Users/xuzeyao/Documents/maven/repository/org/springframework/spring-web/6.0.12/spring-web-6.0.12.jar:/Users/xuzeyao/Documents/maven/repository/org/springframework/spring-webmvc/6.0.12/spring-webmvc-6.0.12.jar:/Users/xuzeyao/Documents/maven/repository/org/springframework/boot/spring-boot-starter-websocket/3.1.4/spring-boot-starter-websocket-3.1.4.jar:/Users/xuzeyao/Documents/maven/repository/org/springframework/spring-websocket/6.0.12/spring-websocket-6.0.12.jar:/Users/xuzeyao/Documents/maven/repository/org/springframework/boot/spring-boot-devtools/3.1.4/spring-boot-devtools-3.1.4.jar:/Users/xuzeyao/Documents/maven/repository/org/springframework/boot/spring-boot/3.1.4/spring-boot-3.1.4.jar:/Users/xuzeyao/Documents/maven/repository/org/springframework/boot/spring-boot-autoconfigure/3.1.4/spring-boot-autoconfigure-3.1.4.jar:/Users/xuzeyao/Documents/maven/repository/com/mysql/mysql-connector-j/8.0.33/mysql-connector-j-8.0.33.jar:/Users/xuzeyao/Documents/maven/repository/org/projectlombok/lombok/1.18.30/lombok-1.18.30.jar:/Users/xuzeyao/Documents/maven/repository/org/springframework/boot/spring-boot-starter-test/3.1.4/spring-boot-starter-test-3.1.4.jar:/Users/xuzeyao/Documents/maven/repository/org/springframework/boot/spring-boot-test/3.1.4/spring-boot-test-3.1.4.jar:/Users/xuzeyao/Documents/maven/repository/org/springframework/boot/spring-boot-test-autoconfigure/3.1.4/spring-boot-test-autoconfigure-3.1.4.jar:/Users/xuzeyao/Documents/maven/repository/com/jayway/jsonpath/json-path/2.8.0/json-path-2.8.0.jar:/Users/xuzeyao/Documents/maven/repository/jakarta/xml/bind/jakarta.xml.bind-api/4.0.1/jakarta.xml.bind-api-4.0.1.jar:/Users/xuzeyao/Documents/maven/repository/jakarta/activation/jakarta.activation-api/2.1.2/jakarta.activation-api-2.1.2.jar:/Users/xuzeyao/Documents/maven/repository/net/minidev/json-smart/2.4.11/json-smart-2.4.11.jar:/Users/xuzeyao/Documents/maven/repository/net/minidev/accessors-smart/2.4.11/accessors-smart-2.4.11.jar:/Users/xuzeyao/Documents/maven/repository/org/ow2/asm/asm/9.3/asm-9.3.jar:/Users/xuzeyao/Documents/maven/repository/org/assertj/assertj-core/3.24.2/assertj-core-3.24.2.jar:/Users/xuzeyao/Documents/maven/repository/net/bytebuddy/byte-buddy/1.14.8/byte-buddy-1.14.8.jar:/Users/xuzeyao/Documents/maven/repository/org/hamcrest/hamcrest/2.2/hamcrest-2.2.jar:/Users/xuzeyao/Documents/maven/repository/org/junit/jupiter/junit-jupiter/5.9.3/junit-jupiter-5.9.3.jar:/Users/xuzeyao/Documents/maven/repository/org/junit/jupiter/junit-jupiter-api/5.9.3/junit-jupiter-api-5.9.3.jar:/Users/xuzeyao/Documents/maven/repository/org/opentest4j/opentest4j/1.2.0/opentest4j-1.2.0.jar:/Users/xuzeyao/Documents/maven/repository/org/junit/platform/junit-platform-commons/1.9.3/junit-platform-commons-1.9.3.jar:/Users/xuzeyao/Documents/maven/repository/org/apiguardian/apiguardian-api/1.1.2/apiguardian-api-1.1.2.jar:/Users/xuzeyao/Documents/maven/repository/org/junit/jupiter/junit-jupiter-params/5.9.3/junit-jupiter-params-5.9.3.jar:/Users/xuzeyao/Documents/maven/repository/org/junit/jupiter/junit-jupiter-engine/5.9.3/junit-jupiter-engine-5.9.3.jar:/Users/xuzeyao/Documents/maven/repository/org/junit/platform/junit-platform-engine/1.9.3/junit-platform-engine-1.9.3.jar:/Users/xuzeyao/Documents/maven/repository/org/mockito/mockito-core/5.3.1/mockito-core-5.3.1.jar:/Users/xuzeyao/Documents/maven/repository/net/bytebuddy/byte-buddy-agent/1.14.8/byte-buddy-agent-1.14.8.jar:/Users/xuzeyao/Documents/maven/repository/org/objenesis/objenesis/3.3/objenesis-3.3.jar:/Users/xuzeyao/Documents/maven/repository/org/mockito/mockito-junit-jupiter/5.3.1/mockito-junit-jupiter-5.3.1.jar:/Users/xuzeyao/Documents/maven/repository/org/skyscreamer/jsonassert/1.5.1/jsonassert-1.5.1.jar:/Users/xuzeyao/Documents/maven/repository/com/vaadin/external/google/android-json/0.0.20131108.vaadin1/android-json-0.0.20131108.vaadin1.jar:/Users/xuzeyao/Documents/maven/repository/org/springframework/spring-core/6.0.12/spring-core-6.0.12.jar:/Users/xuzeyao/Documents/maven/repository/org/springframework/spring-jcl/6.0.12/spring-jcl-6.0.12.jar:/Users/xuzeyao/Documents/maven/repository/org/springframework/spring-test/6.0.12/spring-test-6.0.12.jar:/Users/xuzeyao/Documents/maven/repository/org/xmlunit/xmlunit-core/2.9.1/xmlunit-core-2.9.1.jar:/Users/xuzeyao/Documents/maven/repository/org/springframework/amqp/spring-rabbit-test/3.0.9/spring-rabbit-test-3.0.9.jar:/Users/xuzeyao/Documents/maven/repository/org/springframework/amqp/spring-rabbit-junit/3.0.9/spring-rabbit-junit-3.0.9.jar:/Users/xuzeyao/Documents/maven/repository/org/hamcrest/hamcrest-library/2.2/hamcrest-library-2.2.jar:/Users/xuzeyao/Documents/maven/repository/org/hamcrest/hamcrest-core/2.2/hamcrest-core-2.2.jar:/Users/xuzeyao/Documents/maven/repository/org/springframework/security/spring-security-test/6.1.4/spring-security-test-6.1.4.jar:/Users/xuzeyao/Documents/maven/repository/org/springframework/security/spring-security-core/6.1.4/spring-security-core-6.1.4.jar:/Users/xuzeyao/Documents/maven/repository/org/springframework/security/spring-security-crypto/6.1.4/spring-security-crypto-6.1.4.jar:/Users/xuzeyao/Documents/maven/repository/org/springframework/spring-context/6.0.9/spring-context-6.0.9.jar:/Users/xuzeyao/Documents/maven/repository/org/springframework/spring-beans/6.0.12/spring-beans-6.0.12.jar:/Users/xuzeyao/Documents/maven/repository/org/springframework/spring-expression/6.0.12/spring-expression-6.0.12.jar:/Users/xuzeyao/Documents/maven/repository/org/aspectj/aspectjweaver/1.9.19/aspectjweaver-1.9.19.jar:/Users/xuzeyao/Documents/maven/repository/org/springframework/spring-aspects/6.0.12/spring-aspects-6.0.12.jar:/Users/xuzeyao/Documents/maven/repository/com/rabbitmq/amqp-client/5.16.0/amqp-client-5.16.0.jar:/Users/xuzeyao/Documents/maven/repository/org/slf4j/slf4j-api/2.0.9/slf4j-api-2.0.9.jar:/Users/xuzeyao/Documents/maven/repository/io/dropwizard/metrics/metrics-core/4.2.21/metrics-core-4.2.21.jar:"/>
    <property name="java.vm.vendor" value="Oracle Corporation"/>
    <property name="sun.arch.data.model" value="64"/>
    <property name="java.vendor.url" value="https://java.oracle.com/"/>
    <property name="user.timezone" value="Asia/Shanghai"/>
    <property name="os.name" value="Mac OS X"/>
    <property name="java.vm.specification.version" value="18"/>
    <property name="sun.java.launcher" value="SUN_STANDARD"/>
    <property name="user.country" value="CN"/>
    <property name="sun.boot.library.path" value="/Library/Java/JavaVirtualMachines/jdk-18.0.2.jdk/Contents/Home/lib"/>
    <property name="sun.java.command" value="/Users/xuzeyao/Documents/zygwzx/xzymq/target/surefire/surefirebooter-20231018163122052_3.jar /Users/xuzeyao/Documents/zygwzx/xzymq/target/surefire 2023-10-18T16-31-22_003-jvmRun1 surefire-20231018163122052_1tmp surefire_0-20231018163122052_2tmp"/>
    <property name="jdk.debug" value="release"/>
    <property name="surefire.test.class.path" value="/Users/xuzeyao/Documents/zygwzx/xzymq/target/test-classes:/Users/xuzeyao/Documents/zygwzx/xzymq/target/classes:/Users/xuzeyao/Documents/maven/repository/org/springframework/boot/spring-boot-starter-amqp/3.1.4/spring-boot-starter-amqp-3.1.4.jar:/Users/xuzeyao/Documents/maven/repository/org/springframework/boot/spring-boot-starter/3.1.4/spring-boot-starter-3.1.4.jar:/Users/xuzeyao/Documents/maven/repository/org/springframework/boot/spring-boot-starter-logging/3.1.4/spring-boot-starter-logging-3.1.4.jar:/Users/xuzeyao/Documents/maven/repository/ch/qos/logback/logback-classic/1.4.11/logback-classic-1.4.11.jar:/Users/xuzeyao/Documents/maven/repository/ch/qos/logback/logback-core/1.4.11/logback-core-1.4.11.jar:/Users/xuzeyao/Documents/maven/repository/org/apache/logging/log4j/log4j-to-slf4j/2.20.0/log4j-to-slf4j-2.20.0.jar:/Users/xuzeyao/Documents/maven/repository/org/apache/logging/log4j/log4j-api/2.20.0/log4j-api-2.20.0.jar:/Users/xuzeyao/Documents/maven/repository/org/slf4j/jul-to-slf4j/2.0.9/jul-to-slf4j-2.0.9.jar:/Users/xuzeyao/Documents/maven/repository/jakarta/annotation/jakarta.annotation-api/2.1.1/jakarta.annotation-api-2.1.1.jar:/Users/xuzeyao/Documents/maven/repository/org/yaml/snakeyaml/1.33/snakeyaml-1.33.jar:/Users/xuzeyao/Documents/maven/repository/org/springframework/spring-messaging/6.0.12/spring-messaging-6.0.12.jar:/Users/xuzeyao/Documents/maven/repository/org/springframework/amqp/spring-rabbit/3.0.9/spring-rabbit-3.0.9.jar:/Users/xuzeyao/Documents/maven/repository/org/springframework/amqp/spring-amqp/3.0.9/spring-amqp-3.0.9.jar:/Users/xuzeyao/Documents/maven/repository/org/springframework/retry/spring-retry/2.0.3/spring-retry-2.0.3.jar:/Users/xuzeyao/Documents/maven/repository/org/springframework/spring-tx/6.0.12/spring-tx-6.0.12.jar:/Users/xuzeyao/Documents/maven/repository/io/micrometer/micrometer-observation/1.11.4/micrometer-observation-1.11.4.jar:/Users/xuzeyao/Documents/maven/repository/io/micrometer/micrometer-commons/1.11.4/micrometer-commons-1.11.4.jar:/Users/xuzeyao/Documents/maven/repository/org/springframework/boot/spring-boot-starter-data-redis/3.1.4/spring-boot-starter-data-redis-3.1.4.jar:/Users/xuzeyao/Documents/maven/repository/org/springframework/data/spring-data-redis/3.1.4/spring-data-redis-3.1.4.jar:/Users/xuzeyao/Documents/maven/repository/org/springframework/data/spring-data-keyvalue/3.1.4/spring-data-keyvalue-3.1.4.jar:/Users/xuzeyao/Documents/maven/repository/org/springframework/data/spring-data-commons/3.1.4/spring-data-commons-3.1.4.jar:/Users/xuzeyao/Documents/maven/repository/org/springframework/spring-oxm/6.0.12/spring-oxm-6.0.12.jar:/Users/xuzeyao/Documents/maven/repository/org/springframework/spring-context-support/6.0.12/spring-context-support-6.0.12.jar:/Users/xuzeyao/Documents/maven/repository/io/lettuce/lettuce-core/6.2.6.RELEASE/lettuce-core-6.2.6.RELEASE.jar:/Users/xuzeyao/Documents/maven/repository/io/netty/netty-common/4.1.97.Final/netty-common-4.1.97.Final.jar:/Users/xuzeyao/Documents/maven/repository/io/netty/netty-handler/4.1.97.Final/netty-handler-4.1.97.Final.jar:/Users/xuzeyao/Documents/maven/repository/io/netty/netty-resolver/4.1.97.Final/netty-resolver-4.1.97.Final.jar:/Users/xuzeyao/Documents/maven/repository/io/netty/netty-buffer/4.1.97.Final/netty-buffer-4.1.97.Final.jar:/Users/xuzeyao/Documents/maven/repository/io/netty/netty-transport-native-unix-common/4.1.97.Final/netty-transport-native-unix-common-4.1.97.Final.jar:/Users/xuzeyao/Documents/maven/repository/io/netty/netty-codec/4.1.97.Final/netty-codec-4.1.97.Final.jar:/Users/xuzeyao/Documents/maven/repository/io/netty/netty-transport/4.1.97.Final/netty-transport-4.1.97.Final.jar:/Users/xuzeyao/Documents/maven/repository/io/projectreactor/reactor-core/3.5.10/reactor-core-3.5.10.jar:/Users/xuzeyao/Documents/maven/repository/org/reactivestreams/reactive-streams/1.0.4/reactive-streams-1.0.4.jar:/Users/xuzeyao/Documents/maven/repository/org/springframework/boot/spring-boot-starter-jdbc/3.1.4/spring-boot-starter-jdbc-3.1.4.jar:/Users/xuzeyao/Documents/maven/repository/com/zaxxer/HikariCP/5.0.1/HikariCP-5.0.1.jar:/Users/xuzeyao/Documents/maven/repository/org/springframework/spring-jdbc/6.0.12/spring-jdbc-6.0.12.jar:/Users/xuzeyao/Documents/maven/repository/org/springframework/boot/spring-boot-starter-security/3.1.4/spring-boot-starter-security-3.1.4.jar:/Users/xuzeyao/Documents/maven/repository/org/springframework/spring-aop/6.0.12/spring-aop-6.0.12.jar:/Users/xuzeyao/Documents/maven/repository/org/springframework/security/spring-security-config/6.1.4/spring-security-config-6.1.4.jar:/Users/xuzeyao/Documents/maven/repository/org/springframework/security/spring-security-web/6.1.4/spring-security-web-6.1.4.jar:/Users/xuzeyao/Documents/maven/repository/org/springframework/boot/spring-boot-starter-web/3.1.4/spring-boot-starter-web-3.1.4.jar:/Users/xuzeyao/Documents/maven/repository/org/springframework/boot/spring-boot-starter-json/3.1.4/spring-boot-starter-json-3.1.4.jar:/Users/xuzeyao/Documents/maven/repository/com/fasterxml/jackson/core/jackson-databind/2.15.2/jackson-databind-2.15.2.jar:/Users/xuzeyao/Documents/maven/repository/com/fasterxml/jackson/core/jackson-annotations/2.15.2/jackson-annotations-2.15.2.jar:/Users/xuzeyao/Documents/maven/repository/com/fasterxml/jackson/core/jackson-core/2.15.2/jackson-core-2.15.2.jar:/Users/xuzeyao/Documents/maven/repository/com/fasterxml/jackson/datatype/jackson-datatype-jdk8/2.15.2/jackson-datatype-jdk8-2.15.2.jar:/Users/xuzeyao/Documents/maven/repository/com/fasterxml/jackson/datatype/jackson-datatype-jsr310/2.15.2/jackson-datatype-jsr310-2.15.2.jar:/Users/xuzeyao/Documents/maven/repository/com/fasterxml/jackson/module/jackson-module-parameter-names/2.15.2/jackson-module-parameter-names-2.15.2.jar:/Users/xuzeyao/Documents/maven/repository/org/springframework/boot/spring-boot-starter-tomcat/3.1.4/spring-boot-starter-tomcat-3.1.4.jar:/Users/xuzeyao/Documents/maven/repository/org/apache/tomcat/embed/tomcat-embed-core/10.1.13/tomcat-embed-core-10.1.13.jar:/Users/xuzeyao/Documents/maven/repository/org/apache/tomcat/embed/tomcat-embed-el/10.1.13/tomcat-embed-el-10.1.13.jar:/Users/xuzeyao/Documents/maven/repository/org/apache/tomcat/embed/tomcat-embed-websocket/10.1.13/tomcat-embed-websocket-10.1.13.jar:/Users/xuzeyao/Documents/maven/repository/org/springframework/spring-web/6.0.12/spring-web-6.0.12.jar:/Users/xuzeyao/Documents/maven/repository/org/springframework/spring-webmvc/6.0.12/spring-webmvc-6.0.12.jar:/Users/xuzeyao/Documents/maven/repository/org/springframework/boot/spring-boot-starter-websocket/3.1.4/spring-boot-starter-websocket-3.1.4.jar:/Users/xuzeyao/Documents/maven/repository/org/springframework/spring-websocket/6.0.12/spring-websocket-6.0.12.jar:/Users/xuzeyao/Documents/maven/repository/org/springframework/boot/spring-boot-devtools/3.1.4/spring-boot-devtools-3.1.4.jar:/Users/xuzeyao/Documents/maven/repository/org/springframework/boot/spring-boot/3.1.4/spring-boot-3.1.4.jar:/Users/xuzeyao/Documents/maven/repository/org/springframework/boot/spring-boot-autoconfigure/3.1.4/spring-boot-autoconfigure-3.1.4.jar:/Users/xuzeyao/Documents/maven/repository/com/mysql/mysql-connector-j/8.0.33/mysql-connector-j-8.0.33.jar:/Users/xuzeyao/Documents/maven/repository/org/projectlombok/lombok/1.18.30/lombok-1.18.30.jar:/Users/xuzeyao/Documents/maven/repository/org/springframework/boot/spring-boot-starter-test/3.1.4/spring-boot-starter-test-3.1.4.jar:/Users/xuzeyao/Documents/maven/repository/org/springframework/boot/spring-boot-test/3.1.4/spring-boot-test-3.1.4.jar:/Users/xuzeyao/Documents/maven/repository/org/springframework/boot/spring-boot-test-autoconfigure/3.1.4/spring-boot-test-autoconfigure-3.1.4.jar:/Users/xuzeyao/Documents/maven/repository/com/jayway/jsonpath/json-path/2.8.0/json-path-2.8.0.jar:/Users/xuzeyao/Documents/maven/repository/jakarta/xml/bind/jakarta.xml.bind-api/4.0.1/jakarta.xml.bind-api-4.0.1.jar:/Users/xuzeyao/Documents/maven/repository/jakarta/activation/jakarta.activation-api/2.1.2/jakarta.activation-api-2.1.2.jar:/Users/xuzeyao/Documents/maven/repository/net/minidev/json-smart/2.4.11/json-smart-2.4.11.jar:/Users/xuzeyao/Documents/maven/repository/net/minidev/accessors-smart/2.4.11/accessors-smart-2.4.11.jar:/Users/xuzeyao/Documents/maven/repository/org/ow2/asm/asm/9.3/asm-9.3.jar:/Users/xuzeyao/Documents/maven/repository/org/assertj/assertj-core/3.24.2/assertj-core-3.24.2.jar:/Users/xuzeyao/Documents/maven/repository/net/bytebuddy/byte-buddy/1.14.8/byte-buddy-1.14.8.jar:/Users/xuzeyao/Documents/maven/repository/org/hamcrest/hamcrest/2.2/hamcrest-2.2.jar:/Users/xuzeyao/Documents/maven/repository/org/junit/jupiter/junit-jupiter/5.9.3/junit-jupiter-5.9.3.jar:/Users/xuzeyao/Documents/maven/repository/org/junit/jupiter/junit-jupiter-api/5.9.3/junit-jupiter-api-5.9.3.jar:/Users/xuzeyao/Documents/maven/repository/org/opentest4j/opentest4j/1.2.0/opentest4j-1.2.0.jar:/Users/xuzeyao/Documents/maven/repository/org/junit/platform/junit-platform-commons/1.9.3/junit-platform-commons-1.9.3.jar:/Users/xuzeyao/Documents/maven/repository/org/apiguardian/apiguardian-api/1.1.2/apiguardian-api-1.1.2.jar:/Users/xuzeyao/Documents/maven/repository/org/junit/jupiter/junit-jupiter-params/5.9.3/junit-jupiter-params-5.9.3.jar:/Users/xuzeyao/Documents/maven/repository/org/junit/jupiter/junit-jupiter-engine/5.9.3/junit-jupiter-engine-5.9.3.jar:/Users/xuzeyao/Documents/maven/repository/org/junit/platform/junit-platform-engine/1.9.3/junit-platform-engine-1.9.3.jar:/Users/xuzeyao/Documents/maven/repository/org/mockito/mockito-core/5.3.1/mockito-core-5.3.1.jar:/Users/xuzeyao/Documents/maven/repository/net/bytebuddy/byte-buddy-agent/1.14.8/byte-buddy-agent-1.14.8.jar:/Users/xuzeyao/Documents/maven/repository/org/objenesis/objenesis/3.3/objenesis-3.3.jar:/Users/xuzeyao/Documents/maven/repository/org/mockito/mockito-junit-jupiter/5.3.1/mockito-junit-jupiter-5.3.1.jar:/Users/xuzeyao/Documents/maven/repository/org/skyscreamer/jsonassert/1.5.1/jsonassert-1.5.1.jar:/Users/xuzeyao/Documents/maven/repository/com/vaadin/external/google/android-json/0.0.20131108.vaadin1/android-json-0.0.20131108.vaadin1.jar:/Users/xuzeyao/Documents/maven/repository/org/springframework/spring-core/6.0.12/spring-core-6.0.12.jar:/Users/xuzeyao/Documents/maven/repository/org/springframework/spring-jcl/6.0.12/spring-jcl-6.0.12.jar:/Users/xuzeyao/Documents/maven/repository/org/springframework/spring-test/6.0.12/spring-test-6.0.12.jar:/Users/xuzeyao/Documents/maven/repository/org/xmlunit/xmlunit-core/2.9.1/xmlunit-core-2.9.1.jar:/Users/xuzeyao/Documents/maven/repository/org/springframework/amqp/spring-rabbit-test/3.0.9/spring-rabbit-test-3.0.9.jar:/Users/xuzeyao/Documents/maven/repository/org/springframework/amqp/spring-rabbit-junit/3.0.9/spring-rabbit-junit-3.0.9.jar:/Users/xuzeyao/Documents/maven/repository/org/hamcrest/hamcrest-library/2.2/hamcrest-library-2.2.jar:/Users/xuzeyao/Documents/maven/repository/org/hamcrest/hamcrest-core/2.2/hamcrest-core-2.2.jar:/Users/xuzeyao/Documents/maven/repository/org/springframework/security/spring-security-test/6.1.4/spring-security-test-6.1.4.jar:/Users/xuzeyao/Documents/maven/repository/org/springframework/security/spring-security-core/6.1.4/spring-security-core-6.1.4.jar:/Users/xuzeyao/Documents/maven/repository/org/springframework/security/spring-security-crypto/6.1.4/spring-security-crypto-6.1.4.jar:/Users/xuzeyao/Documents/maven/repository/org/springframework/spring-context/6.0.9/spring-context-6.0.9.jar:/Users/xuzeyao/Documents/maven/repository/org/springframework/spring-beans/6.0.12/spring-beans-6.0.12.jar:/Users/xuzeyao/Documents/maven/repository/org/springframework/spring-expression/6.0.12/spring-expression-6.0.12.jar:/Users/xuzeyao/Documents/maven/repository/org/aspectj/aspectjweaver/1.9.19/aspectjweaver-1.9.19.jar:/Users/xuzeyao/Documents/maven/repository/org/springframework/spring-aspects/6.0.12/spring-aspects-6.0.12.jar:/Users/xuzeyao/Documents/maven/repository/com/rabbitmq/amqp-client/5.16.0/amqp-client-5.16.0.jar:/Users/xuzeyao/Documents/maven/repository/org/slf4j/slf4j-api/2.0.9/slf4j-api-2.0.9.jar:/Users/xuzeyao/Documents/maven/repository/io/dropwizard/metrics/metrics-core/4.2.21/metrics-core-4.2.21.jar:"/>
    <property name="sun.cpu.endian" value="little"/>
    <property name="user.home" value="/Users/xuzeyao"/>
    <property name="user.language" value="zh"/>
    <property name="java.specification.vendor" value="Oracle Corporation"/>
    <property name="java.version.date" value="2022-07-19"/>
    <property name="java.home" value="/Library/Java/JavaVirtualMachines/jdk-18.0.2.jdk/Contents/Home"/>
    <property name="file.separator" value="/"/>
    <property name="basedir" value="/Users/xuzeyao/Documents/zygwzx/xzymq"/>
    <property name="java.vm.compressedOopsMode" value="Zero based"/>
    <property name="line.separator" value="&#10;"/>
    <property name="java.specification.name" value="Java Platform API Specification"/>
    <property name="java.vm.specification.vendor" value="Oracle Corporation"/>
    <property name="FILE_LOG_CHARSET" value="UTF-8"/>
    <property name="java.awt.headless" value="true"/>
    <property name="apple.awt.application.name" value="ForkedBooter"/>
    <property name="surefire.real.class.path" value="/Users/xuzeyao/Documents/zygwzx/xzymq/target/surefire/surefirebooter-20231018163122052_3.jar"/>
    <property name="user.script" value="Hans"/>
    <property name="sun.management.compiler" value="HotSpot 64-Bit Tiered Compilers"/>
    <property name="java.runtime.version" value="18.0.2+9-61"/>
    <property name="user.name" value="xuzeyao"/>
    <property name="path.separator" value=":"/>
    <property name="os.version" value="13.3.1"/>
    <property name="java.runtime.name" value="Java(TM) SE Runtime Environment"/>
    <property name="file.encoding" value="UTF-8"/>
    <property name="java.vm.name" value="Java HotSpot(TM) 64-Bit Server VM"/>
    <property name="localRepository" value="/Users/xuzeyao/Documents/maven/repository"/>
    <property name="java.vendor.url.bug" value="https://bugreport.java.com/bugreport/"/>
    <property name="java.io.tmpdir" value="/var/folders/p9/ry9zdkd53s750k_v6p25cjn80000gn/T/"/>
    <property name="idea.version" value="2022.2"/>
    <property name="java.version" value="18.0.2"/>
    <property name="user.dir" value="/Users/xuzeyao/Documents/zygwzx/xzymq"/>
    <property name="os.arch" value="aarch64"/>
    <property name="java.vm.specification.name" value="Java Virtual Machine Specification"/>
    <property name="PID" value="45190"/>
    <property name="CONSOLE_LOG_CHARSET" value="UTF-8"/>
    <property name="native.encoding" value="UTF-8"/>
    <property name="java.library.path" value="/Users/xuzeyao/Library/Java/Extensions:/Library/Java/Extensions:/Network/Library/Java/Extensions:/System/Library/Java/Extensions:/usr/lib/java:."/>
    <property name="java.vm.info" value="mixed mode, sharing"/>
    <property name="java.vendor" value="Oracle Corporation"/>
    <property name="java.vm.version" value="18.0.2+9-61"/>
    <property name="sun.io.unicode.encoding" value="UnicodeBig"/>
    <property name="maven.repo.local" value="/Users/xuzeyao/Documents/maven/repository"/>
    <property name="java.class.version" value="62.0"/>
  </properties>
  <testcase name="contextLoads" classname="com.xzydominic.xzymq.XzymqApplicationTests" time="0.4">
    <system-out><![CDATA[
  .   ____          _            __ _ _
 /\\ / ___'_ __ _ _(_)_ __  __ _ \ \ \ \
( ( )\___ | '_ | '_| | '_ \/ _` | \ \ \ \
 \\/  ___)| |_)| | | | | || (_| |  ) ) ) )
  '  |____| .__|_| |_|_| |_\__, | / / / /
 =========|_|==============|___/=/_/_/_/
 :: Spring Boot ::                (v3.1.4)

2023-10-18T16:31:22.610+08:00  INFO 45190 --- [           main] c.x.xzymq.XzymqApplicationTests          : Starting XzymqApplicationTests using Java 18.0.2 with PID 45190 (started by xuzeyao in /Users/xuzeyao/Documents/zygwzx/xzymq)
2023-10-18T16:31:22.611+08:00  INFO 45190 --- [           main] c.x.xzymq.XzymqApplicationTests          : No active profile set, falling back to 1 default profile: "default"
2023-10-18T16:31:22.948+08:00  INFO 45190 --- [           main] .s.d.r.c.RepositoryConfigurationDelegate : Multiple Spring Data modules found, entering strict repository configuration mode
2023-10-18T16:31:22.950+08:00  INFO 45190 --- [           main] .s.d.r.c.RepositoryConfigurationDelegate : Bootstrapping Spring Data Redis repositories in DEFAULT mode.
2023-10-18T16:31:22.970+08:00  INFO 45190 --- [           main] .s.d.r.c.RepositoryConfigurationDelegate : Finished Spring Data repository scanning in 11 ms. Found 0 Redis repository interfaces.
2023-10-18T16:31:24.324+08:00  WARN 45190 --- [           main] .s.s.UserDetailsServiceAutoConfiguration : 

Using generated security password: a7ca32a1-ac25-4ee8-8c37-f234c75f24c4

This generated password is for development use only. Your security configuration must be updated before running your application in production.

2023-10-18T16:31:24.411+08:00  INFO 45190 --- [           main] o.s.s.web.DefaultSecurityFilterChain     : Will secure any request with [org.springframework.security.web.session.DisableEncodeUrlFilter@10a064bd, org.springframework.security.web.context.request.async.WebAsyncManagerIntegrationFilter@2de7fe0e, org.springframework.security.web.context.SecurityContextHolderFilter@67d180e4, org.springframework.security.web.header.HeaderWriterFilter@46a97805, org.springframework.security.web.csrf.CsrfFilter@3bf26810, org.springframework.security.web.authentication.logout.LogoutFilter@4ec616d6, org.springframework.security.web.authentication.UsernamePasswordAuthenticationFilter@7d47b021, org.springframework.security.web.authentication.ui.DefaultLoginPageGeneratingFilter@3c116f26, org.springframework.security.web.authentication.ui.DefaultLogoutPageGeneratingFilter@2ff8d39b, org.springframework.security.web.authentication.www.BasicAuthenticationFilter@113c4ad6, org.springframework.security.web.savedrequest.RequestCacheAwareFilter@666b91db, org.springframework.security.web.servletapi.SecurityContextHolderAwareRequestFilter@4f356b98, org.springframework.security.web.authentication.AnonymousAuthenticationFilter@684a802a, org.springframework.security.web.access.ExceptionTranslationFilter@119f072c, org.springframework.security.web.access.intercept.AuthorizationFilter@2d3bb944]
2023-10-18T16:31:24.465+08:00  INFO 45190 --- [           main] c.x.xzymq.XzymqApplicationTests          : Started XzymqApplicationTests in 1.997 seconds (process running for 2.382)
2023-10-18T16:31:24.468+08:00  INFO 45190 --- [           main] c.x.x.c.r.a.base.RabbitConnectAspect     : ZyRabbit framework is running...
]]></system-out>
  </testcase>
</testsuite>